<?xml version="1.0" encoding="UTF-8"?>
<!-- Generated by org.testng.reporters.JUnitReportReporter -->
<testsuite hostname="GIFTECH-L-080" failures="0" tests="1" name="com.qa.testcases.parentsDetailsPageTest" time="30.234" errors="0" timestamp="2023-09-16T09:36:43 IST" skipped="0">
  <testcase classname="com.qa.testcases.parentsDetailsPageTest" name="parentDetailsPageMethodTest" time="30.234"/>
  <system-out/>
</testsuite> <!-- com.qa.testcases.parentsDetailsPageTest -->
